20:38:07: Creating resource group General
20:38:07: Creating resource group Internal
20:38:07: Creating resource group Autodetect
20:38:07: SceneManagerFactory for type 'DefaultSceneManager' registered.
20:38:07: Registering ResourceManager for type Material
20:38:07: Registering ResourceManager for type Mesh
20:38:07: Registering ResourceManager for type Skeleton
20:38:07: MovableObjectFactory for type 'ParticleSystem' registered.
20:38:07: OverlayElementFactory for type Panel registered.
20:38:07: OverlayElementFactory for type BorderPanel registered.
20:38:07: OverlayElementFactory for type TextArea registered.
20:38:07: Registering ResourceManager for type Font
20:38:07: ArchiveFactory for archive type FileSystem registered.
20:38:07: ArchiveFactory for archive type Zip registered.
20:38:07: DDS codec registering
20:38:07: FreeImage version: 3.15.0
20:38:07: This program uses FreeImage, a free, open source image library supporting all common bitmap formats. See http://freeimage.sourceforge.net for details
20:38:07: Supported formats: bmp,ico,jpg,jif,jpeg,jpe,jng,koa,iff,lbm,mng,pbm,pbm,pcd,pcx,pgm,pgm,png,ppm,ppm,ras,tga,targa,tif,tiff,wap,wbmp,wbm,psd,cut,xbm,xpm,gif,hdr,g3,sgi,exr,j2k,j2c,jp2,pfm,pct,pict,pic,3fr,arw,bay,bmq,cap,cine,cr2,crw,cs1,dc2,dcr,drf,dsc,dng,erf,fff,ia,iiq,k25,kc2,kdc,mdc,mef,mos,mrw,nef,nrw,orf,pef,ptx,pxn,qtk,raf,raw,rdc,rw2,rwl,rwz,sr2,srf,sti
20:38:07: Registering ResourceManager for type HighLevelGpuProgram
20:38:07: Registering ResourceManager for type Compositor
20:38:07: MovableObjectFactory for type 'Entity' registered.
20:38:07: MovableObjectFactory for type 'Light' registered.
20:38:07: MovableObjectFactory for type 'BillboardSet' registered.
20:38:07: MovableObjectFactory for type 'ManualObject' registered.
20:38:07: MovableObjectFactory for type 'BillboardChain' registered.
20:38:07: MovableObjectFactory for type 'RibbonTrail' registered.
20:38:07: OGRE EXCEPTION(6:FileNotFoundException): 'plugins.cfg' file not found! in ConfigFile::load at /build/buildd/ogre-1.7.2/OgreMain/src/OgreConfigFile.cpp (line 83)
20:38:07: plugins.cfg not found, automatic plugin loading disabled.
20:38:07: *-*-* OGRE Initialising
20:38:07: *-*-* Version 1.7.2 (Cthugha)
20:38:07: OGRE EXCEPTION(6:FileNotFoundException): 'resources.cfg' file not found! in ConfigFile::load at /build/buildd/ogre-1.7.2/OgreMain/src/OgreConfigFile.cpp (line 83)
20:38:07: *-*-* OGRE Shutdown
20:38:07: Unregistering ResourceManager for type Compositor
20:38:07: Unregistering ResourceManager for type Font
20:38:07: Unregistering ResourceManager for type Skeleton
20:38:07: Unregistering ResourceManager for type Mesh
20:38:07: Unregistering ResourceManager for type HighLevelGpuProgram
20:38:07: Unregistering ResourceManager for type Material
